# JRE version: OpenJDK Runtime Environment (11.0.6+10) (build 11.0.6+10-post-Ubuntu-1ubuntu118.04.1)
# Java VM: OpenJDK 64-Bit Server VM (11.0.6+10-post-Ubuntu-1ubuntu118.04.1, mixed mode, sharing, tiered, compressed oops, parallel gc, linux-amd64)
Heap:
 PSYoungGen      total 24576K, used 24576K [0x00000000eab00000, 0x00000000ecd80000, 0x0000000100000000)
  eden space 19968K, 100% used [0x00000000eab00000,0x00000000ebe80000,0x00000000ebe80000)
  from space 4608K, 100% used [0x00000000ec500000,0x00000000ec980000,0x00000000ec980000)
  to   space 6656K, 0% used [0x00000000ebe80000,0x00000000ebe80000,0x00000000ec500000)
 ParOldGen       total 395776K, used 384653K [0x00000000c0000000, 0x00000000d8280000, 0x00000000eab00000)
  object space 395776K, 97% used [0x00000000c0000000,0x00000000d77a34d8,0x00000000d8280000)
 Metaspace       used 63016K, capacity 66129K, committed 66520K, reserved 1107968K
  class space    used 5878K, capacity 6987K, committed 7128K, reserved 1048576K
GC Heap History (20 events):
Event: 1230.195 GC heap before
{Heap before GC invocations=479 (full 19):
 PSYoungGen      total 20992K, used 20928K [0x00000000eab00000, 0x00000000ec680000, 0x0000000100000000)
  eden space 18432K, 100% used [0x00000000eab00000,0x00000000ebd00000,0x00000000ebd00000)
  from space 2560K, 97% used [0x00000000ec400000,0x00000000ec670020,0x00000000ec680000)
  to   space 2560K, 0% used [0x00000000ec180000,0x00000000ec180000,0x00000000ec400000)
 ParOldGen       total 395776K, used 360931K [0x00000000c0000000, 0x00000000d8280000, 0x00000000eab00000)
  object space 395776K, 91% used [0x00000000c0000000,0x00000000d6078f90,0x00000000d8280000)
 Metaspace       used 63006K, capacity 66064K, committed 66264K, reserved 1107968K
  class space    used 5878K, capacity 6987K, committed 7128K, reserved 1048576K
}
Event: 1230.201 GC heap after
{Heap after GC invocations=479 (full 19):
 PSYoungGen      total 22528K, used 1984K [0x00000000eab00000, 0x00000000ec480000, 0x0000000100000000)
  eden space 20480K, 0% used [0x00000000eab00000,0x00000000eab00000,0x00000000ebf00000)
  from space 2048K, 96% used [0x00000000ec180000,0x00000000ec370000,0x00000000ec380000)
  to   space 1024K, 0% used [0x00000000ec380000,0x00000000ec380000,0x00000000ec480000)
 ParOldGen       total 395776K, used 363120K [0x00000000c0000000, 0x00000000d8280000, 0x00000000eab00000)
  object space 395776K, 91% used [0x00000000c0000000,0x00000000d629c000,0x00000000d8280000)
 Metaspace       used 63006K, capacity 66064K, committed 66264K, reserved 1107968K
  class space    used 5878K, capacity 6987K, committed 7128K, reserved 1048576K
}
Event: 1230.268 GC heap before
{Heap before GC invocations=480 (full 19):
 PSYoungGen      total 22528K, used 22464K [0x00000000eab00000, 0x00000000ec480000, 0x0000000100000000)
  eden space 20480K, 100% used [0x00000000eab00000,0x00000000ebf00000,0x00000000ebf00000)
  from space 2048K, 96% used [0x00000000ec180000,0x00000000ec370000,0x00000000ec380000)
  to   space 1024K, 0% used [0x00000000ec380000,0x00000000ec380000,0x00000000ec480000)
 ParOldGen       total 395776K, used 363120K [0x00000000c0000000, 0x00000000d8280000, 0x00000000eab00000)
  object space 395776K, 91% used [0x00000000c0000000,0x00000000d629c000,0x00000000d8280000)
 Metaspace       used 63006K, capacity 66064K, committed 66264K, reserved 1107968K
  class space    used 5878K, capacity 6987K, committed 7128K, reserved 1048576K
}
Event: 1230.275 GC heap after
{Heap after GC invocations=480 (full 19):
 PSYoungGen      total 20992K, used 992K [0x00000000eab00000, 0x00000000ecb00000, 0x0000000100000000)
  eden space 19968K, 0% used [0x00000000eab00000,0x00000000eab00000,0x00000000ebe80000)
  from space 1024K, 96% used [0x00000000ec380000,0x00000000ec478010,0x00000000ec480000)
  to   space 5120K, 0% used [0x00000000ebe80000,0x00000000ebe80000,0x00000000ec380000)
 ParOldGen       total 395776K, used 366492K [0x00000000c0000000, 0x00000000d8280000, 0x00000000eab00000)
  object space 395776K, 92% used [0x00000000c0000000,0x00000000d65e7140,0x00000000d8280000)
 Metaspace       used 63006K, capacity 66064K, committed 66264K, reserved 1107968K
  class space    used 5878K, capacity 6987K, committed 7128K, reserved 1048576K
}
Event: 1230.334 GC heap before
{Heap before GC invocations=481 (full 19):
 PSYoungGen      total 20992K, used 20960K [0x00000000eab00000, 0x00000000ecb00000, 0x0000000100000000)
  eden space 19968K, 100% used [0x00000000eab00000,0x00000000ebe80000,0x00000000ebe80000)
  from space 1024K, 96% used [0x00000000ec380000,0x00000000ec478010,0x00000000ec480000)
  to   space 5120K, 0% used [0x00000000ebe80000,0x00000000ebe80000,0x00000000ec380000)
 ParOldGen       total 395776K, used 366492K [0x00000000c0000000, 0x00000000d8280000, 0x00000000eab00000)
  object space 395776K, 92% used [0x00000000c0000000,0x00000000d65e7140,0x00000000d8280000)
 Metaspace       used 63011K, capacity 66129K, committed 66520K, reserved 1107968K
  class space    used 5878K, capacity 6987K, committed 7128K, reserved 1048576K
}
Event: 1230.340 GC heap after
{Heap after GC invocations=481 (full 19):
 PSYoungGen      total 25088K, used 2688K [0x00000000eab00000, 0x00000000ec780000, 0x0000000100000000)
  eden space 19968K, 0% used [0x00000000eab00000,0x00000000eab00000,0x00000000ebe80000)
  from space 5120K, 52% used [0x00000000ebe80000,0x00000000ec120000,0x00000000ec380000)
  to   space 3584K, 0% used [0x00000000ec400000,0x00000000ec400000,0x00000000ec780000)
 ParOldGen       total 395776K, used 367500K [0x00000000c0000000, 0x00000000d8280000, 0x00000000eab00000)
  object space 395776K, 92% used [0x00000000c0000000,0x00000000d66e3150,0x00000000d8280000)
 Metaspace       used 63011K, capacity 66129K, committed 66520K, reserved 1107968K
  class space    used 5878K, capacity 6987K, committed 7128K, reserved 1048576K
}
Event: 1230.394 GC heap before
{Heap before GC invocations=482 (full 19):
 PSYoungGen      total 25088K, used 22656K [0x00000000eab00000, 0x00000000ec780000, 0x0000000100000000)
  eden space 19968K, 100% used [0x00000000eab00000,0x00000000ebe80000,0x00000000ebe80000)
  from space 5120K, 52% used [0x00000000ebe80000,0x00000000ec120000,0x00000000ec380000)
  to   space 3584K, 0% used [0x00000000ec400000,0x00000000ec400000,0x00000000ec780000)
 ParOldGen       total 395776K, used 367500K [0x00000000c0000000, 0x00000000d8280000, 0x00000000eab00000)
  object space 395776K, 92% used [0x00000000c0000000,0x00000000d66e3150,0x00000000d8280000)
 Metaspace       used 63011K, capacity 66129K, committed 66520K, reserved 1107968K
  class space    used 5878K, capacity 6987K, committed 7128K, reserved 1048576K
}
Event: 1230.404 GC heap after
{Heap after GC invocations=482 (full 19):
 PSYoungGen      total 24576K, used 3584K [0x00000000eab00000, 0x00000000ec980000, 0x0000000100000000)
  eden space 20992K, 0% used [0x00000000eab00000,0x00000000eab00000,0x00000000ebf80000)
  from space 3584K, 100% used [0x00000000ec400000,0x00000000ec780000,0x00000000ec780000)
  to   space 4608K, 0% used [0x00000000ebf80000,0x00000000ebf80000,0x00000000ec400000)
 ParOldGen       total 395776K, used 368027K [0x00000000c0000000, 0x00000000d8280000, 0x00000000eab00000)
  object space 395776K, 92% used [0x00000000c0000000,0x00000000d6766e70,0x00000000d8280000)
 Metaspace       used 63011K, capacity 66129K, committed 66520K, reserved 1107968K
  class space    used 5878K, capacity 6987K, committed 7128K, reserved 1048576K
}
Event: 1230.468 GC heap before
{Heap before GC invocations=483 (full 19):
 PSYoungGen      total 24576K, used 24576K [0x00000000eab00000, 0x00000000ec980000, 0x0000000100000000)
  eden space 20992K, 100% used [0x00000000eab00000,0x00000000ebf80000,0x00000000ebf80000)
  from space 3584K, 100% used [0x00000000ec400000,0x00000000ec780000,0x00000000ec780000)
  to   space 4608K, 0% used [0x00000000ebf80000,0x00000000ebf80000,0x00000000ec400000)
 ParOldGen       total 395776K, used 368027K [0x00000000c0000000, 0x00000000d8280000, 0x00000000eab00000)
  object space 395776K, 92% used [0x00000000c0000000,0x00000000d6766e70,0x00000000d8280000)
 Metaspace       used 63011K, capacity 66129K, committed 66520K, reserved 1107968K
  class space    used 5878K, capacity 6987K, committed 7128K, reserved 1048576K
}
Event: 1230.476 GC heap after
{Heap after GC invocations=483 (full 19):
 PSYoungGen      total 25600K, used 3008K [0x00000000eab00000, 0x00000000ec880000, 0x0000000100000000)
  eden space 20992K, 0% used [0x00000000eab00000,0x00000000eab00000,0x00000000ebf80000)
  from space 4608K, 65% used [0x00000000ebf80000,0x00000000ec270020,0x00000000ec400000)
  to   space 3584K, 0% used [0x00000000ec500000,0x00000000ec500000,0x00000000ec880000)
 ParOldGen       total 395776K, used 371625K [0x00000000c0000000, 0x00000000d8280000, 0x00000000eab00000)
  object space 395776K, 93% used [0x00000000c0000000,0x00000000d6aea7b0,0x00000000d8280000)
 Metaspace       used 63011K, capacity 66129K, committed 66520K, reserved 1107968K
  class space    used 5878K, capacity 6987K, committed 7128K, reserved 1048576K
}
Event: 1230.643 GC heap before
{Heap before GC invocations=484 (full 19):
 PSYoungGen      total 25600K, used 24000K [0x00000000eab00000, 0x00000000ec880000, 0x0000000100000000)
  eden space 20992K, 100% used [0x00000000eab00000,0x00000000ebf80000,0x00000000ebf80000)
  from space 4608K, 65% used [0x00000000ebf80000,0x00000000ec270020,0x00000000ec400000)
  to   space 3584K, 0% used [0x00000000ec500000,0x00000000ec500000,0x00000000ec880000)
 ParOldGen       total 395776K, used 371625K [0x00000000c0000000, 0x00000000d8280000, 0x00000000eab00000)
  object space 395776K, 93% used [0x00000000c0000000,0x00000000d6aea7b0,0x00000000d8280000)
 Metaspace       used 63013K, capacity 66129K, committed 66520K, reserved 1107968K
  class space    used 5878K, capacity 6987K, committed 7128K, reserved 1048576K
}
Event: 1230.652 GC heap after
{Heap after GC invocations=484 (full 19):
 PSYoungGen      total 24064K, used 3584K [0x00000000eab00000, 0x00000000ecd80000, 0x0000000100000000)
  eden space 20480K, 0% used [0x00000000eab00000,0x00000000eab00000,0x00000000ebf00000)
  from space 3584K, 100% used [0x00000000ec500000,0x00000000ec880000,0x00000000ec880000)
  to   space 6144K, 0% used [0x00000000ebf00000,0x00000000ebf00000,0x00000000ec500000)
 ParOldGen       total 395776K, used 373547K [0x00000000c0000000, 0x00000000d8280000, 0x00000000eab00000)
  object space 395776K, 94% used [0x00000000c0000000,0x00000000d6ccaca0,0x00000000d8280000)
 Metaspace       used 63013K, capacity 66129K, committed 66520K, reserved 1107968K
  class space    used 5878K, capacity 6987K, committed 7128K, reserved 1048576K
}
Event: 1230.709 GC heap before
{Heap before GC invocations=485 (full 19):
 PSYoungGen      total 24064K, used 24064K [0x00000000eab00000, 0x00000000ecd80000, 0x0000000100000000)
  eden space 20480K, 100% used [0x00000000eab00000,0x00000000ebf00000,0x00000000ebf00000)
  from space 3584K, 100% used [0x00000000ec500000,0x00000000ec880000,0x00000000ec880000)
  to   space 6144K, 0% used [0x00000000ebf00000,0x00000000ebf00000,0x00000000ec500000)
 ParOldGen       total 395776K, used 373547K [0x00000000c0000000, 0x00000000d8280000, 0x00000000eab00000)
  object space 395776K, 94% used [0x00000000c0000000,0x00000000d6ccaca0,0x00000000d8280000)
 Metaspace       used 63013K, capacity 66129K, committed 66520K, reserved 1107968K
  class space    used 5878K, capacity 6987K, committed 7128K, reserved 1048576K
}
Event: 1230.720 GC heap after
{Heap after GC invocations=485 (full 19):
 PSYoungGen      total 26624K, used 3168K [0x00000000eab00000, 0x00000000ec900000, 0x0000000100000000)
  eden space 20480K, 0% used [0x00000000eab00000,0x00000000eab00000,0x00000000ebf00000)
  from space 6144K, 51% used [0x00000000ebf00000,0x00000000ec218000,0x00000000ec500000)
  to   space 4096K, 0% used [0x00000000ec500000,0x00000000ec500000,0x00000000ec900000)
 ParOldGen       total 395776K, used 377107K [0x00000000c0000000, 0x00000000d8280000, 0x00000000eab00000)
  object space 395776K, 95% used [0x00000000c0000000,0x00000000d7044ca0,0x00000000d8280000)
 Metaspace       used 63013K, capacity 66129K, committed 66520K, reserved 1107968K
  class space    used 5878K, capacity 6987K, committed 7128K, reserved 1048576K
}
Event: 1230.783 GC heap before
{Heap before GC invocations=486 (full 19):
 PSYoungGen      total 26624K, used 23648K [0x00000000eab00000, 0x00000000ec900000, 0x0000000100000000)
  eden space 20480K, 100% used [0x00000000eab00000,0x00000000ebf00000,0x00000000ebf00000)
  from space 6144K, 51% used [0x00000000ebf00000,0x00000000ec218000,0x00000000ec500000)
  to   space 4096K, 0% used [0x00000000ec500000,0x00000000ec500000,0x00000000ec900000)
 ParOldGen       total 395776K, used 377107K [0x00000000c0000000, 0x00000000d8280000, 0x00000000eab00000)
  object space 395776K, 95% used [0x00000000c0000000,0x00000000d7044ca0,0x00000000d8280000)
 Metaspace       used 63014K, capacity 66129K, committed 66520K, reserved 1107968K
  class space    used 5878K, capacity 6987K, committed 7128K, reserved 1048576K
}
Event: 1230.792 GC heap after
{Heap after GC invocations=486 (full 19):
 PSYoungGen      total 24064K, used 4096K [0x00000000eab00000, 0x00000000ece00000, 0x0000000100000000)
  eden space 19968K, 0% used [0x00000000eab00000,0x00000000eab00000,0x00000000ebe80000)
  from space 4096K, 100% used [0x00000000ec500000,0x00000000ec900000,0x00000000ec900000)
  to   space 6656K, 0% used [0x00000000ebe80000,0x00000000ebe80000,0x00000000ec500000)
 ParOldGen       total 395776K, used 379115K [0x00000000c0000000, 0x00000000d8280000, 0x00000000eab00000)
  object space 395776K, 95% used [0x00000000c0000000,0x00000000d723ace0,0x00000000d8280000)
 Metaspace       used 63014K, capacity 66129K, committed 66520K, reserved 1107968K
  class space    used 5878K, capacity 6987K, committed 7128K, reserved 1048576K
}
Event: 1230.862 GC heap before
{Heap before GC invocations=487 (full 19):
 PSYoungGen      total 24064K, used 24064K [0x00000000eab00000, 0x00000000ece00000, 0x0000000100000000)
  eden space 19968K, 100% used [0x00000000eab00000,0x00000000ebe80000,0x00000000ebe80000)
  from space 4096K, 100% used [0x00000000ec500000,0x00000000ec900000,0x00000000ec900000)
  to   space 6656K, 0% used [0x00000000ebe80000,0x00000000ebe80000,0x00000000ec500000)
 ParOldGen       total 395776K, used 379115K [0x00000000c0000000, 0x00000000d8280000, 0x00000000eab00000)
  object space 395776K, 95% used [0x00000000c0000000,0x00000000d723ace0,0x00000000d8280000)
 Metaspace       used 63014K, capacity 66129K, committed 66520K, reserved 1107968K
  class space    used 5878K, capacity 6987K, committed 7128K, reserved 1048576K
}
Event: 1230.872 GC heap after
{Heap after GC invocations=487 (full 19):
 PSYoungGen      total 26624K, used 3328K [0x00000000eab00000, 0x00000000ec980000, 0x0000000100000000)
  eden space 19968K, 0% used [0x00000000eab00000,0x00000000eab00000,0x00000000ebe80000)
  from space 6656K, 50% used [0x00000000ebe80000,0x00000000ec1c0000,0x00000000ec500000)
  to   space 4608K, 0% used [0x00000000ec500000,0x00000000ec500000,0x00000000ec980000)
 ParOldGen       total 395776K, used 383248K [0x00000000c0000000, 0x00000000d8280000, 0x00000000eab00000)
  object space 395776K, 96% used [0x00000000c0000000,0x00000000d76441d0,0x00000000d8280000)
 Metaspace       used 63014K, capacity 66129K, committed 66520K, reserved 1107968K
  class space    used 5878K, capacity 6987K, committed 7128K, reserved 1048576K
}
Event: 1230.950 GC heap before
{Heap before GC invocations=488 (full 19):
 PSYoungGen      total 26624K, used 23296K [0x00000000eab00000, 0x00000000ec980000, 0x0000000100000000)
  eden space 19968K, 100% used [0x00000000eab00000,0x00000000ebe80000,0x00000000ebe80000)
  from space 6656K, 50% used [0x00000000ebe80000,0x00000000ec1c0000,0x00000000ec500000)
  to   space 4608K, 0% used [0x00000000ec500000,0x00000000ec500000,0x00000000ec980000)
 ParOldGen       total 395776K, used 383248K [0x00000000c0000000, 0x00000000d8280000, 0x00000000eab00000)
  object space 395776K, 96% used [0x00000000c0000000,0x00000000d76441d0,0x00000000d8280000)
 Metaspace       used 63015K, capacity 66129K, committed 66520K, reserved 1107968K
  class space    used 5878K, capacity 6987K, committed 7128K, reserved 1048576K
}
Event: 1230.959 GC heap after
{Heap after GC invocations=488 (full 19):
 PSYoungGen      total 24576K, used 4608K [0x00000000eab00000, 0x00000000ecd80000, 0x0000000100000000)
  eden space 19968K, 0% used [0x00000000eab00000,0x00000000eab00000,0x00000000ebe80000)
  from space 4608K, 100% used [0x00000000ec500000,0x00000000ec980000,0x00000000ec980000)
  to   space 6656K, 0% used [0x00000000ebe80000,0x00000000ebe80000,0x00000000ec500000)
 ParOldGen       total 395776K, used 384653K [0x00000000c0000000, 0x00000000d8280000, 0x00000000eab00000)
  object space 395776K, 97% used [0x00000000c0000000,0x00000000d77a34d8,0x00000000d8280000)
 Metaspace       used 63015K, capacity 66129K, committed 66520K, reserved 1107968K
  class space    used 5878K, capacity 6987K, committed 7128K, reserved 1048576K
}

